In file included from [01m[K/home/davencyw/catkinws/dynokvis/src/okvis_ros/okvis/okvis_ceres/include/okvis/Estimator.hpp:64:0[m[K,
                 from [01m[K/home/davencyw/catkinws/dynokvis/src/okvis_ros/okvis/okvis_frontend/include/okvis/Frontend.hpp:46[m[K,
                 from [01m[K/home/davencyw/catkinws/dynokvis/src/okvis_ros/okvis/okvis_multisensor_processing/include/okvis/ThreadedKFVio.hpp:51[m[K,
                 from [01m[K/home/davencyw/catkinws/dynokvis/src/okvis_ros/okvis/okvis_multisensor_processing/src/ThreadedKFVio.cpp:45[m[K:
[01m[K/home/davencyw/catkinws/dynokvis/src/okvis_ros/okvis/okvis_ceres/include/okvis/dynenv/pointclassifier.hpp:[m[K In member function â€˜[01m[Kvoid okvis::ceres::dynenv::Pointclassifier::updateReprojectErrorMax(double)[m[Kâ€™:
[01m[K/home/davencyw/catkinws/dynokvis/src/okvis_ros/okvis/okvis_ceres/include/okvis/dynenv/pointclassifier.hpp:35:5:[m[K [01;31m[Kerror: [m[Kâ€˜[01m[Kmaxreprojecterrors[m[Kâ€™ was not declared in this scope
     maxreprojecterrors.push_back(reproject_error_max);
[01;32m[K     ^[m[K
make[2]: *** [okvis/okvis_multisensor_processing/CMakeFiles/okvis_multisensor_processing.dir/src/ThreadedKFVio.cpp.o] Error 1
make[1]: *** [okvis/okvis_multisensor_processing/CMakeFiles/okvis_multisensor_processing.dir/all] Error 2
make: *** [all] Error 2
