In file included from [01m[K/home/davencyw/catkinws/dynokvis/src/okvis_ros/okvis/okvis_ceres/include/okvis/Estimator.hpp:64:0[m[K,
                 from [01m[K/home/davencyw/catkinws/dynokvis/src/okvis_ros/okvis/okvis_frontend/include/okvis/Frontend.hpp:46[m[K,
                 from [01m[K/home/davencyw/catkinws/dynokvis/src/okvis_ros/okvis/okvis_multisensor_processing/include/okvis/ThreadedKFVio.hpp:51[m[K,
                 from [01m[K/home/davencyw/catkinws/dynokvis/src/okvis_ros/okvis/okvis_apps/src/okvis_app_synchronous.cpp:60[m[K:
[01m[K/home/davencyw/catkinws/dynokvis/src/okvis_ros/okvis/okvis_ceres/include/okvis/dynenv/pointclassifier.hpp:[m[K In member function â€˜[01m[Kdouble okvis::ceres::dynenv::Pointclassifier::ExponentialWeighting(double, double)[m[Kâ€™:
[01m[K/home/davencyw/catkinws/dynokvis/src/okvis_ros/okvis/okvis_ceres/include/okvis/dynenv/pointclassifier.hpp:15:35:[m[K [01;31m[Kerror: [m[Kâ€˜[01m[Kreproject_error_tolerance_[m[Kâ€™ was not declared in this scope
       local_residual = residual < reproject_error_tolerance_ ? 0 : residual;
[01;32m[K                                   ^[m[K
[01m[K/home/davencyw/catkinws/dynokvis/src/okvis_ros/okvis/okvis_ceres/include/okvis/dynenv/pointclassifier.hpp:21:31:[m[K [01;31m[Kerror: [m[Kâ€˜[01m[Kexpweightdist_[m[Kâ€™ was not declared in this scope
       local_weight = std::pow(expweightdist_, local_weight);
[01;32m[K                               ^[m[K
In file included from [01m[K/home/davencyw/catkinws/dynokvis/src/okvis_ros/okvis/okvis_ceres/include/okvis/Estimator.hpp:64:0[m[K,
                 from [01m[K/home/davencyw/catkinws/dynokvis/src/okvis_ros/okvis/okvis_frontend/include/okvis/Frontend.hpp:46[m[K,
                 from [01m[K/home/davencyw/catkinws/dynokvis/src/okvis_ros/okvis/okvis_multisensor_processing/include/okvis/ThreadedKFVio.hpp:51[m[K,
                 from [01m[K/home/davencyw/catkinws/dynokvis/src/okvis_ros/include/okvis/Subscriber.hpp:70[m[K,
                 from [01m[K/home/davencyw/catkinws/dynokvis/src/okvis_ros/src/Subscriber.cpp:42[m[K:
[01m[K/home/davencyw/catkinws/dynokvis/src/okvis_ros/okvis/okvis_ceres/include/okvis/dynenv/pointclassifier.hpp:[m[K In member function â€˜[01m[Kdouble okvis::ceres::dynenv::Pointclassifier::ExponentialWeighting(double, double)[m[Kâ€™:
[01m[K/home/davencyw/catkinws/dynokvis/src/okvis_ros/okvis/okvis_ceres/include/okvis/dynenv/pointclassifier.hpp:15:35:[m[K [01;31m[Kerror: [m[Kâ€˜[01m[Kreproject_error_tolerance_[m[Kâ€™ was not declared in this scope
       local_residual = residual < reproject_error_tolerance_ ? 0 : residual;
[01;32m[K                                   ^[m[K
[01m[K/home/davencyw/catkinws/dynokvis/src/okvis_ros/okvis/okvis_ceres/include/okvis/dynenv/pointclassifier.hpp:21:31:[m[K [01;31m[Kerror: [m[Kâ€˜[01m[Kexpweightdist_[m[Kâ€™ was not declared in this scope
       local_weight = std::pow(expweightdist_, local_weight);
[01;32m[K                               ^[m[K
make[2]: *** [okvis/CMakeFiles/okvis_app_synchronous.dir/okvis_apps/src/okvis_app_synchronous.cpp.o] Error 1
make[1]: *** [okvis/CMakeFiles/okvis_app_synchronous.dir/all] Error 2
make[1]: *** Waiting for unfinished jobs....
make[2]: *** [CMakeFiles/okvis_ros.dir/src/Subscriber.cpp.o] Error 1
make[1]: *** [CMakeFiles/okvis_ros.dir/all] Error 2
make: *** [all] Error 2
