[01m[K/home/davencyw/catkinws/dynokvis/src/okvis_ros/okvis/okvis_ceres/src/cluster.cpp:[m[K In member function â€˜[01m[Kvirtual std::vector<okvis::ceres::dynenv::Cluster> okvis::ceres::dynenv::SimpleCluster::computecluster(std::vector<std::pair<okvis::MapPoint*, double> >&, std::vector<std::tuple<Eigen::Matrix<double, 2, 1, 0, 2, 1>, double, Eigen::Matrix<double, 2, 1, 0, 2, 1> > >)[m[Kâ€™:
[01m[K/home/davencyw/catkinws/dynokvis/src/okvis_ros/okvis/okvis_ceres/src/cluster.cpp:214:50:[m[K [01;35m[Kwarning: [m[Kcomparison between signed and unsigned integer expressions [-Wsign-compare]
         for(unsigned candidate_i(0); candidate_i < num_in_cluster; ++candidate_i){
[01;32m[K                                                  ^[m[K
[01m[K/home/davencyw/catkinws/dynokvis/src/okvis_ros/okvis/okvis_ceres/src/cluster.cpp:263:35:[m[K [01;31m[Kerror: [m[Kâ€˜[01m[Kconvexclusterhull[m[Kâ€™ was not declared in this scope
         temp_cluster.convexhull = convexclusterhull;
[01;32m[K                                   ^[m[K
[01m[K/home/davencyw/catkinws/dynokvis/src/okvis_ros/okvis/okvis_ceres/src/cluster.cpp:265:43:[m[K [01;31m[Kerror: [m[Kâ€˜[01m[Kaverageopticalflow[m[Kâ€™ was not declared in this scope
         temp_cluster.averageopticalflow = averageopticalflow;
[01;32m[K                                           ^[m[K
make[2]: *** [okvis/okvis_ceres/CMakeFiles/okvis_ceres.dir/src/cluster.cpp.o] Error 1
make[1]: *** [okvis/okvis_ceres/CMakeFiles/okvis_ceres.dir/all] Error 2
make: *** [all] Error 2
