[01m[K/home/davencyw/catkinws/dynokvis/src/okvis_ros/okvis/okvis_ceres/src/cluster.cpp:[m[K In member function â€˜[01m[Kvoid okvis::ceres::dynenv::ClusterAlgorithm::moveCluster(std::deque<std::vector<okvis::ceres::dynenv::Cluster> >&)[m[Kâ€™:
[01m[K/home/davencyw/catkinws/dynokvis/src/okvis_ros/okvis/okvis_ceres/src/cluster.cpp:42:13:[m[K [01;31m[Kerror: [m[Kâ€˜[01m[KVector2d[m[Kâ€™ was not declared in this scope
             Vector2d averageopticalflow(lastframe_cluster_i.averageopticalflow);
[01;32m[K             ^[m[K
[01m[K/home/davencyw/catkinws/dynokvis/src/okvis_ros/okvis/okvis_ceres/src/cluster.cpp:42:13:[m[K [01;36m[Knote: [m[Ksuggested alternative:
In file included from [01m[K/usr/include/eigen3/Eigen/Core:367:0[m[K,
                 from [01m[K/home/davencyw/catkinws/dynokvis/build/okvis_ros/include/ceres/jet.h:164[m[K,
                 from [01m[K/home/davencyw/catkinws/dynokvis/build/okvis_ros/include/ceres/internal/autodiff.h:145[m[K,
                 from [01m[K/home/davencyw/catkinws/dynokvis/build/okvis_ros/include/ceres/autodiff_cost_function.h:132[m[K,
                 from [01m[K/home/davencyw/catkinws/dynokvis/build/okvis_ros/include/ceres/ceres.h:40[m[K,
                 from [01m[K/home/davencyw/catkinws/dynokvis/src/okvis_ros/okvis/okvis_ceres/include/okvis/ceres/Map.hpp:44[m[K,
                 from [01m[K/home/davencyw/catkinws/dynokvis/src/okvis_ros/okvis/okvis_ceres/include/okvis/dynenv/cluster.hpp:4[m[K,
                 from [01m[K/home/davencyw/catkinws/dynokvis/src/okvis_ros/okvis/okvis_ceres/src/cluster.cpp:1[m[K:
[01m[K/usr/include/eigen3/Eigen/src/Core/Matrix.h:430:34:[m[K [01;36m[Knote: [m[K  â€˜[01m[KEigen::Vector2d[m[Kâ€™
 typedef Matrix<Type, Size, 1>    Vector##SizeSuffix##TypeSuffix;  \
[01;32m[K                                  ^[m[K
[01m[K/usr/include/eigen3/Eigen/src/Core/Matrix.h:441:1:[m[K [01;36m[Knote: [m[Kin expansion of macro â€˜[01m[KEIGEN_MAKE_TYPEDEFS[m[Kâ€™
 EIGEN_MAKE_TYPEDEFS(Type, TypeSuffix, 2, 2) \
[01;32m[K ^[m[K
[01m[K/usr/include/eigen3/Eigen/src/Core/Matrix.h:451:1:[m[K [01;36m[Knote: [m[Kin expansion of macro â€˜[01m[KEIGEN_MAKE_TYPEDEFS_ALL_SIZES[m[Kâ€™
 EIGEN_MAKE_TYPEDEFS_ALL_SIZES(double,               d)
[01;32m[K ^[m[K
[01m[K/home/davencyw/catkinws/dynokvis/src/okvis_ros/okvis/okvis_ceres/src/cluster.cpp:46:28:[m[K [01;31m[Kerror: [m[Kâ€˜[01m[Kaverageopticalflow[m[Kâ€™ was not declared in this scope
               point_i.x += averageopticalflow.x() * 2.0;
[01;32m[K                            ^[m[K
make[2]: *** [okvis/okvis_ceres/CMakeFiles/okvis_ceres.dir/src/cluster.cpp.o] Error 1
make[1]: *** [okvis/okvis_ceres/CMakeFiles/okvis_ceres.dir/all] Error 2
make: *** [all] Error 2
