[01m[K/home/davencyw/catkinws/dynokvis/src/okvis_ros/okvis/okvis_ceres/src/cluster.cpp:3:6:[m[K [01;31m[Kerror: [m[Kâ€˜[01m[KClusterAlgorithm[m[Kâ€™ has not been declared
 void ClusterAlgorithm::cluster(PointMap& pointmap,
[01;32m[K      ^[m[K
[01m[K/home/davencyw/catkinws/dynokvis/src/okvis_ros/okvis/okvis_ceres/src/cluster.cpp:3:32:[m[K [01;31m[Kerror: [m[Kvariable or field â€˜[01m[Kcluster[m[Kâ€™ declared void
 void ClusterAlgorithm::cluster(PointMap& pointmap,
[01;32m[K                                ^[m[K
[01m[K/home/davencyw/catkinws/dynokvis/src/okvis_ros/okvis/okvis_ceres/src/cluster.cpp:3:32:[m[K [01;31m[Kerror: [m[Kâ€˜[01m[KPointMap[m[Kâ€™ was not declared in this scope
[01m[K/home/davencyw/catkinws/dynokvis/src/okvis_ros/okvis/okvis_ceres/src/cluster.cpp:3:32:[m[K [01;36m[Knote: [m[Ksuggested alternative:
In file included from [01m[K/home/davencyw/catkinws/dynokvis/src/okvis_ros/okvis/okvis_ceres/include/okvis/ceres/Map.hpp:49:0[m[K,
                 from [01m[K/home/davencyw/catkinws/dynokvis/src/okvis_ros/okvis/okvis_ceres/include/okvis/dynenv/cluster.hpp:4[m[K,
                 from [01m[K/home/davencyw/catkinws/dynokvis/src/okvis_ros/okvis/okvis_ceres/src/cluster.cpp:1[m[K:
[01m[K/home/davencyw/catkinws/dynokvis/src/okvis_ros/okvis/okvis_common/include/okvis/FrameTypedefs.hpp:183:42:[m[K [01;36m[Knote: [m[K  â€˜[01m[Kokvis::PointMap[m[Kâ€™
     Eigen::aligned_allocator<MapPoint> > PointMap;
[01;32m[K                                          ^[m[K
[01m[K/home/davencyw/catkinws/dynokvis/src/okvis_ros/okvis/okvis_ceres/src/cluster.cpp:3:42:[m[K [01;31m[Kerror: [m[Kâ€˜[01m[Kpointmap[m[Kâ€™ was not declared in this scope
 void ClusterAlgorithm::cluster(PointMap& pointmap,
[01;32m[K                                          ^[m[K
[01m[K/home/davencyw/catkinws/dynokvis/src/okvis_ros/okvis/okvis_ceres/src/cluster.cpp:4:55:[m[K [01;31m[Kerror: [m[Kâ€˜[01m[KCluster[m[Kâ€™ was not declared in this scope
                                std::deque<std::vector<Cluster>> &cluster) {
[01;32m[K                                                       ^[m[K
[01m[K/home/davencyw/catkinws/dynokvis/src/okvis_ros/okvis/okvis_ceres/src/cluster.cpp:4:55:[m[K [01;36m[Knote: [m[Ksuggested alternative:
In file included from [01m[K/home/davencyw/catkinws/dynokvis/src/okvis_ros/okvis/okvis_ceres/src/cluster.cpp:1:0[m[K:
[01m[K/home/davencyw/catkinws/dynokvis/src/okvis_ros/okvis/okvis_ceres/include/okvis/dynenv/cluster.hpp:19:8:[m[K [01;36m[Knote: [m[K  â€˜[01m[Kokvis::ceres::dynenv::Cluster[m[Kâ€™
 struct Cluster{
[01;32m[K        ^[m[K
[01m[K/home/davencyw/catkinws/dynokvis/src/okvis_ros/okvis/okvis_ceres/src/cluster.cpp:4:55:[m[K [01;31m[Kerror: [m[Ktemplate argument 1 is invalid
                                std::deque<std::vector<Cluster>> &cluster) {
[01;32m[K                                                       ^[m[K
[01m[K/home/davencyw/catkinws/dynokvis/src/okvis_ros/okvis/okvis_ceres/src/cluster.cpp:4:55:[m[K [01;31m[Kerror: [m[Ktemplate argument 2 is invalid
[01m[K/home/davencyw/catkinws/dynokvis/src/okvis_ros/okvis/okvis_ceres/src/cluster.cpp:4:62:[m[K [01;31m[Kerror: [m[Ktemplate argument 1 is invalid
                                std::deque<std::vector<Cluster>> &cluster) {
[01;32m[K                                                              ^[m[K
[01m[K/home/davencyw/catkinws/dynokvis/src/okvis_ros/okvis/okvis_ceres/src/cluster.cpp:4:62:[m[K [01;31m[Kerror: [m[Ktemplate argument 2 is invalid
[01m[K/home/davencyw/catkinws/dynokvis/src/okvis_ros/okvis/okvis_ceres/src/cluster.cpp:4:66:[m[K [01;31m[Kerror: [m[Kâ€˜[01m[Kcluster[m[Kâ€™ was not declared in this scope
                                std::deque<std::vector<Cluster>> &cluster) {
[01;32m[K                                                                  ^[m[K
make[2]: *** [okvis/okvis_ceres/CMakeFiles/okvis_ceres.dir/src/cluster.cpp.o] Error 1
make[1]: *** [okvis/okvis_ceres/CMakeFiles/okvis_ceres.dir/all] Error 2
make: *** [all] Error 2
