[01m[K/home/davencyw/catkinws/dynvinsmono/src/VINS-Mono/vins_estimator/src/utility/visualization.cpp:[m[K In function â€˜[01m[Kvoid pubImageFeatureClassification(const Estimator&, const Header&)[m[Kâ€™:
[01m[K/home/davencyw/catkinws/dynvinsmono/src/VINS-Mono/vins_estimator/src/utility/visualization.cpp:430:11:[m[K [01;31m[Kerror: [m[Kâ€˜[01m[Kcv::Point {aka cv::Point_<int>}[m[Kâ€™ is not a template
     const [01;31m[Kcv[m[K::Point<int> point(uv.x, uv.y);
           [01;31m[K^~[m[K
[01m[K/home/davencyw/catkinws/dynvinsmono/src/VINS-Mono/vins_estimator/src/utility/visualization.cpp:430:42:[m[K [01;31m[Kerror: [m[Kno matching function for call to â€˜[01m[Kcv::Point_<int>::Point_(<unresolved overloaded function type>, <unresolved overloaded function type>)[m[Kâ€™
     const cv::Point<int> point(uv.x, uv.y[01;31m[K)[m[K;
                                          [01;31m[K^[m[K
In file included from [01m[K/opt/ros/kinetic/include/opencv-3.3.1-dev/opencv2/core.hpp:58:0[m[K,
                 from [01m[K/opt/ros/kinetic/include/opencv-3.3.1-dev/opencv2/opencv.hpp:52[m[K,
                 from [01m[K/home/davencyw/catkinws/dynvinsmono/src/VINS-Mono/vins_estimator/src/utility/../parameters.h:7[m[K,
                 from [01m[K/home/davencyw/catkinws/dynvinsmono/src/VINS-Mono/vins_estimator/src/utility/../feature_manager.h:16[m[K,
                 from [01m[K/home/davencyw/catkinws/dynvinsmono/src/VINS-Mono/vins_estimator/src/utility/../estimator.h:3[m[K,
                 from [01m[K/home/davencyw/catkinws/dynvinsmono/src/VINS-Mono/vins_estimator/src/utility/visualization.h:3[m[K,
                 from [01m[K/home/davencyw/catkinws/dynvinsmono/src/VINS-Mono/vins_estimator/src/utility/visualization.cpp:1[m[K:
[01m[K/opt/ros/kinetic/include/opencv-3.3.1-dev/opencv2/core/types.hpp:1165:1:[m[K [01;36m[Knote: [m[Kcandidate: cv::Point_<_Tp>::Point_(const cv::Vec<_Tp, 2>&) [with _Tp = int]
 [01;36m[KPoint_<_Tp>[m[K::Point_(const Vec<_Tp,2>& v)
 [01;36m[K^~~~~~~~~~~[m[K
[01m[K/opt/ros/kinetic/include/opencv-3.3.1-dev/opencv2/core/types.hpp:1165:1:[m[K [01;36m[Knote: [m[K  candidate expects 1 argument, 2 provided
[01m[K/opt/ros/kinetic/include/opencv-3.3.1-dev/opencv2/core/types.hpp:1161:1:[m[K [01;36m[Knote: [m[Kcandidate: cv::Point_<_Tp>::Point_(const cv::Size_<_Tp>&) [with _Tp = int]
 [01;36m[KPoint_<_Tp>[m[K::Point_(const Size_<_Tp>& sz)
 [01;36m[K^~~~~~~~~~~[m[K
[01m[K/opt/ros/kinetic/include/opencv-3.3.1-dev/opencv2/core/types.hpp:1161:1:[m[K [01;36m[Knote: [m[K  candidate expects 1 argument, 2 provided
[01m[K/opt/ros/kinetic/include/opencv-3.3.1-dev/opencv2/core/types.hpp:1157:1:[m[K [01;36m[Knote: [m[Kcandidate: cv::Point_<_Tp>::Point_(const cv::Point_<_Tp>&) [with _Tp = int]
 [01;36m[KPoint_<_Tp>[m[K::Point_(const Point_& pt)
 [01;36m[K^~~~~~~~~~~[m[K
[01m[K/opt/ros/kinetic/include/opencv-3.3.1-dev/opencv2/core/types.hpp:1157:1:[m[K [01;36m[Knote: [m[K  candidate expects 1 argument, 2 provided
[01m[K/opt/ros/kinetic/include/opencv-3.3.1-dev/opencv2/core/types.hpp:1153:1:[m[K [01;36m[Knote: [m[Kcandidate: cv::Point_<_Tp>::Point_(_Tp, _Tp) [with _Tp = int]
 [01;36m[KPoint_<_Tp>[m[K::Point_(_Tp _x, _Tp _y)
 [01;36m[K^~~~~~~~~~~[m[K
[01m[K/opt/ros/kinetic/include/opencv-3.3.1-dev/opencv2/core/types.hpp:1153:1:[m[K [01;36m[Knote: [m[K  no known conversion for argument 1 from â€˜[01m[K<unresolved overloaded function type>[m[Kâ€™ to â€˜[01m[Kint[m[Kâ€™
[01m[K/opt/ros/kinetic/include/opencv-3.3.1-dev/opencv2/core/types.hpp:1149:1:[m[K [01;36m[Knote: [m[Kcandidate: cv::Point_<_Tp>::Point_() [with _Tp = int]
 [01;36m[KPoint_<_Tp>[m[K::Point_()
 [01;36m[K^~~~~~~~~~~[m[K
[01m[K/opt/ros/kinetic/include/opencv-3.3.1-dev/opencv2/core/types.hpp:1149:1:[m[K [01;36m[Knote: [m[K  candidate expects 0 arguments, 2 provided
make[2]: *** [CMakeFiles/libutility.dir/src/utility/visualization.cpp.o] Error 1
make[1]: *** [CMakeFiles/libutility.dir/all] Error 2
make: *** [all] Error 2
