[01m[K/home/davencyw/catkinws/dynvinsmono/src/VINS-Mono/vins_estimator/src/dynenv/cluster.cc:3:1:[m[K [01;31m[Kerror: [m[Kredefinition of â€˜[01m[KSimpleCluster::SimpleCluster(unsigned int, unsigned int)[m[Kâ€™
 SimpleCluster::SimpleCluster(const unsigned cluster_windowsize,
[01;32m[K ^[m[K
In file included from [01m[K/home/davencyw/catkinws/dynvinsmono/src/VINS-Mono/vins_estimator/src/dynenv/cluster.cc:1:0[m[K:
[01m[K/home/davencyw/catkinws/dynvinsmono/src/VINS-Mono/vins_estimator/src/dynenv/cluster.h:42:3:[m[K [01;36m[Knote: [m[Kâ€˜[01m[KSimpleCluster::SimpleCluster(unsigned int, unsigned int)[m[Kâ€™ previously defined here
   SimpleCluster(const unsigned cluster_windowsize,
[01;32m[K   ^[m[K
[01m[K/home/davencyw/catkinws/dynvinsmono/src/VINS-Mono/vins_estimator/src/dynenv/cluster.cc:9:59:[m[K [01;31m[Kerror: [m[Kvirt-specifiers in â€˜[01m[Kcluster[m[Kâ€™ not allowed outside a class definition
                             std::deque<Cluster> &cluster) override {
[01;32m[K                                                           ^[m[K
[01m[K/home/davencyw/catkinws/dynvinsmono/src/VINS-Mono/vins_estimator/src/dynenv/cluster.cc:153:1:[m[K [01;31m[Kerror: [m[Kexpected declaration before â€˜[01m[K}[m[Kâ€™ token
 }
[01;32m[K ^[m[K
make[2]: *** [CMakeFiles/libdynenv.dir/src/dynenv/cluster.cc.o] Error 1
make[1]: *** [CMakeFiles/libdynenv.dir/all] Error 2
make[1]: *** Waiting for unfinished jobs....
make: *** [all] Error 2
