In file included from [01m[K/home/davencyw/catkinws/dynvinsmono/src/VINS-Mono/vins_estimator/src/utility/../estimator.h:25:0[m[K,
                 from [01m[K/home/davencyw/catkinws/dynvinsmono/src/VINS-Mono/vins_estimator/src/utility/visualization.h:3[m[K,
                 from [01m[K/home/davencyw/catkinws/dynvinsmono/src/VINS-Mono/vins_estimator/src/utility/visualization.cpp:1[m[K:
[01m[K/home/davencyw/catkinws/dynvinsmono/src/VINS-Mono/vins_estimator/src/utility/../dynenv/cluster.h:[m[K In member function â€˜[01m[Kvirtual void SimpleCluster::cluster(FeatureManager&, int, std::deque<Cluster>&)[m[Kâ€™:
[01m[K/home/davencyw/catkinws/dynvinsmono/src/VINS-Mono/vins_estimator/src/utility/../dynenv/cluster.h:94:31:[m[K [01;31m[Kerror: [m[Kâ€˜[01m[Kmultiplier[m[Kâ€™ was not declared in this scope
           it_per_id.weight *= [01;31m[Kmultiplier[m[K;
                               [01;31m[K^~~~~~~~~~[m[K
[01m[K/home/davencyw/catkinws/dynvinsmono/src/VINS-Mono/vins_estimator/src/utility/../dynenv/cluster.h:94:31:[m[K [01;36m[Knote: [m[Ksuggested alternative: â€˜[01m[Kmutable[m[Kâ€™
           it_per_id.weight *= [01;36m[Kmultiplier[m[K;
                               [01;36m[K^~~~~~~~~~[m[K
                               [32m[Kmutable[m[K
make[2]: *** [CMakeFiles/libutility.dir/src/utility/visualization.cpp.o] Error 1
make[1]: *** [CMakeFiles/libutility.dir/all] Error 2
make: *** [all] Error 2
