[01m[K/home/davencyw/catkinws/dynvinsmono/src/VINS-Mono/vins_estimator/src/dynenv/cluster.cc:[m[K In member function â€˜[01m[Kvoid DbscanCluster::dbscan(const std::vector<std::pair<FeaturePerId*, double> >&, double, unsigned int)[m[Kâ€™:
[01m[K/home/davencyw/catkinws/dynvinsmono/src/VINS-Mono/vins_estimator/src/dynenv/cluster.cc:251:15:[m[K [01;31m[Kerror: [m[Kmissing template arguments before â€˜[01m[Kunique_label_vec[m[Kâ€™
   std::vector unique_label_vec = label_vec;
[01;32m[K               ^[m[K
[01m[K/home/davencyw/catkinws/dynvinsmono/src/VINS-Mono/vins_estimator/src/dynenv/cluster.cc:254:21:[m[K [01;31m[Kerror: [m[Kâ€˜[01m[Kunique_label_vec[m[Kâ€™ was not declared in this scope
       std::distance(unique_label_vec.begin(), unique_label_vec.end());
[01;32m[K                     ^[m[K
make[2]: *** [CMakeFiles/libdynenv.dir/src/dynenv/cluster.cc.o] Error 1
make[1]: *** [CMakeFiles/libdynenv.dir/all] Error 2
make: *** [all] Error 2
