[01m[K/home/davencyw/catkinws/dynvinsmono/src/VINS-Mono/vins_estimator/src/utility/visualization.cpp:[m[K In function â€˜[01m[Kvoid pubImageFeatureClassification(const Estimator&, const Header&)[m[Kâ€™:
[01m[K/home/davencyw/catkinws/dynvinsmono/src/VINS-Mono/vins_estimator/src/utility/visualization.cpp:429:28:[m[K [01;31m[Kerror: [m[Kâ€˜[01m[KtrackerData[m[Kâ€™ was not declared in this scope
     cv::circle(img->image, [01;31m[KtrackerData[m[K[i].cur_pts[j], 2,
                            [01;31m[K^~~~~~~~~~~[m[K
[01m[K/home/davencyw/catkinws/dynvinsmono/src/VINS-Mono/vins_estimator/src/utility/visualization.cpp:429:40:[m[K [01;31m[Kerror: [m[Kâ€˜[01m[Ki[m[Kâ€™ was not declared in this scope
     cv::circle(img->image, trackerData[[01;31m[Ki[m[K].cur_pts[j], 2,
                                        [01;31m[K^[m[K
[01m[K/home/davencyw/catkinws/dynvinsmono/src/VINS-Mono/vins_estimator/src/utility/visualization.cpp:429:51:[m[K [01;31m[Kerror: [m[Kâ€˜[01m[Kj[m[Kâ€™ was not declared in this scope
     cv::circle(img->image, trackerData[i].cur_pts[[01;31m[Kj[m[K], 2,
                                                   [01;31m[K^[m[K
make[2]: *** [CMakeFiles/libutility.dir/src/utility/visualization.cpp.o] Error 1
make[1]: *** [CMakeFiles/libutility.dir/all] Error 2
make: *** [all] Error 2
