In file included from [01m[K/home/davencyw/catkinws/dynvinsmono/src/VINS-Mono/vins_estimator/src/utility/../estimator.h:25:0[m[K,
                 from [01m[K/home/davencyw/catkinws/dynvinsmono/src/VINS-Mono/vins_estimator/src/utility/visualization.h:3[m[K,
                 from [01m[K/home/davencyw/catkinws/dynvinsmono/src/VINS-Mono/vins_estimator/src/utility/visualization.cpp:1[m[K:
[01m[K/home/davencyw/catkinws/dynvinsmono/src/VINS-Mono/vins_estimator/src/utility/../dynenv/cluster.h:[m[K In member function â€˜[01m[Kvirtual std::vector<FeaturePerId*> Kmeans::cluster(FeatureManager&)[m[Kâ€™:
[01m[K/home/davencyw/catkinws/dynvinsmono/src/VINS-Mono/vins_estimator/src/utility/../dynenv/cluster.h:81:19:[m[K [01;31m[Kerror: [m[Kâ€˜[01m[Kclusterindices[m[Kâ€™ was not declared in this scope
     for (auto i : [01;31m[Kclusterindices[m[K) {
                   [01;31m[K^~~~~~~~~~~~~~[m[K
[01m[K/home/davencyw/catkinws/dynvinsmono/src/VINS-Mono/vins_estimator/src/utility/../dynenv/cluster.h:81:19:[m[K [01;36m[Knote: [m[Ksuggested alternative: â€˜[01m[Kclusterhulls[m[Kâ€™
     for (auto i : [01;36m[Kclusterindices[m[K) {
                   [01;36m[K^~~~~~~~~~~~~~[m[K
                   [32m[Kclusterhulls[m[K
[01m[K/home/davencyw/catkinws/dynvinsmono/src/VINS-Mono/vins_estimator/src/utility/visualization.cpp:[m[K In function â€˜[01m[Kvoid pubImageFeatureClassification(const Estimator&, const Header&, cv::Mat)[m[Kâ€™:
[01m[K/home/davencyw/catkinws/dynvinsmono/src/VINS-Mono/vins_estimator/src/utility/visualization.cpp:432:50:[m[K [01;31m[Kerror: [m[Kâ€˜[01m[Kconst class FeatureManager[m[Kâ€™ has no member named â€˜[01m[Kdynamiccluster[m[Kâ€™
   for (const auto it_per_id_cluster : f_manager->[01;31m[Kdynamiccluster[m[K) {
                                                  [01;31m[K^~~~~~~~~~~~~~[m[K
[01m[K/home/davencyw/catkinws/dynvinsmono/src/VINS-Mono/vins_estimator/src/utility/visualization.cpp:433:19:[m[K [01;31m[Kerror: [m[Kâ€˜[01m[Kit_per_id[m[Kâ€™ was not declared in this scope
     Vector2d uv = [01;31m[Kit_per_id[m[K.feature_per_frame.back().uv;
                   [01;31m[K^~~~~~~~~[m[K
[01m[K/home/davencyw/catkinws/dynvinsmono/src/VINS-Mono/vins_estimator/src/utility/visualization.cpp:433:19:[m[K [01;36m[Knote: [m[Ksuggested alternative: â€˜[01m[Kctermid[m[Kâ€™
     Vector2d uv = [01;36m[Kit_per_id[m[K.feature_per_frame.back().uv;
                   [01;36m[K^~~~~~~~~[m[K
                   [32m[Kctermid[m[K
make[2]: *** [CMakeFiles/libutility.dir/src/utility/visualization.cpp.o] Error 1
make[1]: *** [CMakeFiles/libutility.dir/all] Error 2
make: *** [all] Error 2
