[01m[K/home/davencyw/catkinws/dynvinsmono/src/VINS-Mono/vins_estimator/src/utility/visualization.cpp:[m[K In function â€˜[01m[Kvoid pubImageFeatureClassification(const Estimator&, const Header&, cv::Mat)[m[Kâ€™:
[01m[K/home/davencyw/catkinws/dynvinsmono/src/VINS-Mono/vins_estimator/src/utility/visualization.cpp:427:58:[m[K [01;31m[Kerror: [m[Kâ€˜[01m[Kconst class std::vector<FeaturePerFrame>[m[Kâ€™ has no member named â€˜[01m[Kstart_frame[m[Kâ€™
     const int frame_number = it_per_id.feature_per_frame.[01;31m[Kstart_frame[m[K +
                                                          [01;31m[K^~~~~~~~~~~[m[K
make[2]: *** [CMakeFiles/libutility.dir/src/utility/visualization.cpp.o] Error 1
make[1]: *** [CMakeFiles/libutility.dir/all] Error 2
make: *** [all] Error 2
