[01m[K/home/davencyw/catkinws/dynvinsmono/src/VINS-Mono/vins_estimator/src/dynenv/pointclassifier.cc:7:66:[m[K [01;31m[Kerror: [m[Kdefault argument given for parameter 3 of â€˜[01m[Kvoid ClassifyPoint::setParams(double, double, double)[m[Kâ€™ [-fpermissive]
                               const double num_measurements = 100) {
[01;32m[K                                                                  ^[m[K
In file included from [01m[K/home/davencyw/catkinws/dynvinsmono/src/VINS-Mono/vins_estimator/src/dynenv/pointclassifier.cc:1:0[m[K:
[01m[K/home/davencyw/catkinws/dynvinsmono/src/VINS-Mono/vins_estimator/src/dynenv/pointclassifier.h:42:8:[m[K [01;36m[Knote: [m[Kprevious specification in â€˜[01m[Kvoid ClassifyPoint::setParams(double, double, double)[m[Kâ€™ here
   void setParams(const double reproject_error_tolerance,
[01;32m[K        ^[m[K
make[2]: *** [CMakeFiles/libdynenv.dir/src/dynenv/pointclassifier.cc.o] Error 1
make[1]: *** [CMakeFiles/libdynenv.dir/all] Error 2
make[1]: *** Waiting for unfinished jobs....
make: *** [all] Error 2
