In file included from [01m[K/home/davencyw/catkinws/dynvinsmono/src/VINS-Mono/vins_estimator/src/utility/visualization.h:18:0[m[K,
                 from [01m[K/home/davencyw/catkinws/dynvinsmono/src/VINS-Mono/vins_estimator/src/utility/visualization.cpp:1[m[K:
[01m[K/home/davencyw/catkinws/dynvinsmono/src/VINS-Mono/vins_estimator/src/utility/../estimator.h:37:56:[m[K [01;31m[Kerror: [m[Kâ€˜[01m[Kreproject_error_max[m[Kâ€™ has not been declared
                      double reproject_error_tolerance, [01;31m[Kreproject_error_max[m[K,
                                                        [01;31m[K^~~~~~~~~~~~~~~~~~~[m[K
[01m[K/home/davencyw/catkinws/dynvinsmono/src/VINS-Mono/vins_estimator/src/utility/../estimator.h:38:22:[m[K [01;31m[Kerror: [m[Kâ€˜[01m[Kexpweightdist[m[Kâ€™ has not been declared
                      [01;31m[Kexpweightdist[m[K) {
                      [01;31m[K^~~~~~~~~~~~~[m[K
[01m[K/home/davencyw/catkinws/dynvinsmono/src/VINS-Mono/vins_estimator/src/utility/../estimator.h:[m[K In member function â€˜[01m[Kvoid Estimator::setClassifier(std::__cxx11::string, double, int, int)[m[Kâ€™:
[01m[K/home/davencyw/catkinws/dynvinsmono/src/VINS-Mono/vins_estimator/src/utility/../estimator.h:47:56:[m[K [01;31m[Kerror: [m[Kâ€˜[01m[Kreproject_error_max[m[Kâ€™ was not declared in this scope
       classifier->setParams(reproject_error_tolerance, [01;31m[Kreproject_error_max[m[K,
                                                        [01;31m[K^~~~~~~~~~~~~~~~~~~[m[K
[01m[K/home/davencyw/catkinws/dynvinsmono/src/VINS-Mono/vins_estimator/src/utility/../estimator.h:47:56:[m[K [01;36m[Knote: [m[Ksuggested alternative: â€˜[01m[Kreproject_error_tolerance[m[Kâ€™
       classifier->setParams(reproject_error_tolerance, [01;36m[Kreproject_error_max[m[K,
                                                        [01;36m[K^~~~~~~~~~~~~~~~~~~[m[K
                                                        [32m[Kreproject_error_tolerance[m[K
[01m[K/home/davencyw/catkinws/dynvinsmono/src/VINS-Mono/vins_estimator/src/utility/../estimator.h:48:29:[m[K [01;31m[Kerror: [m[Kâ€˜[01m[Kexpweightdist[m[Kâ€™ was not declared in this scope
                             [01;31m[Kexpweightdist[m[K);
                             [01;31m[K^~~~~~~~~~~~~[m[K
make[2]: *** [CMakeFiles/libutility.dir/src/utility/visualization.cpp.o] Error 1
make[1]: *** [CMakeFiles/libutility.dir/all] Error 2
make: *** [all] Error 2
